Arguments: 
  C:\Program Files\nodejs\node.exe C:\Users\ibehr\AppData\Roaming\npm\node_modules\yarn\bin\yarn.js

PATH: 
  C:\WINDOWS\system32;C:\WINDOWS;C:\WINDOWS\System32\Wbem;C:\WINDOWS\System32\WindowsPowerShell\v1.0\;C:\WINDOWS\System32\OpenSSH\;C:\Program Files\Git\cmd;C:\Program Files\Microsoft SQL Server\150\Tools\Binn\;C:\Program Files\dotnet\;C:\Program Files\Docker\Docker\resources\bin;%NVM_HOME%;%NVM_SYMLINK%;C:\Users\ibehr\AppData\Local\Programs\Python\Python311\Scripts\;C:\Users\ibehr\AppData\Local\Programs\Python\Python311\;C:\Users\ibehr\AppData\Local\Microsoft\WindowsApps;C:\Users\ibehr\AppData\Roaming\npm;C:\Users\ibehr\AppData\Local\Programs\Microsoft VS Code\bin;C:\Users\ibehr\.dotnet\tools;C:\SDK\flutter\bin;C:\Users\ibehr\AppData\Local\GitHubDesktop\bin;C:\Program Files\Android\Android Studio\jbr\bin;C:\OpenSSL\bin;C:\Program Files\JetBrains\DataGrip 2023.1.2\bin;;C:\Users\ibehr\AppData\Roaming\nvm;C:\Program Files\nodejs

Yarn version: 
  1.22.19

Node version: 
  18.15.0

Platform: 
  win32 x64

Trace: 
  Error: getaddrinfo ENOTFOUND registry.yarnpkg.com
      at GetAddrInfoReqWrap.onlookup [as oncomplete] (node:dns:107:26)

npm manifest: 
  {
    "name": "my-personal-site",
    "version": "1.0.0",
    "private": true,
    "description": "My personal site",
    "author": "iBehruz",
    "keywords": [
      "gatsby"
    ],
    "scripts": {
      "develop": "gatsby develop",
      "start": "gatsby develop",
      "build": "gatsby build",
      "serve": "gatsby serve",
      "clean": "gatsby clean",
      "typecheck": "tsc --noEmit"
    },
    "dependencies": {
      "@mdx-js/react": "^2.3.0",
      "gatsby": "^5.11.0",
      "gatsby-plugin-image": "^3.11.0",
      "gatsby-plugin-manifest": "^5.11.0",
      "gatsby-plugin-mdx": "^5.11.0",
      "gatsby-plugin-sharp": "^5.11.0",
      "gatsby-plugin-sitemap": "^6.11.0",
      "gatsby-source-filesystem": "^5.11.0",
      "gatsby-transformer-sharp": "^5.11.0",
      "react": "^18.2.0",
      "react-dom": "^18.2.0"
    },
    "devDependencies": {
      "@types/node": "^20.3.1",
      "@types/react": "^18.2.14",
      "@types/react-dom": "^18.2.6",
      "typescript": "^5.1.3"
    }
  }

yarn manifest: 
  No manifest

Lockfile: 
  No lockfile
